2025-11-04 13:00:20.166678:  ✔︎ Data quality report generated
2025-11-04 13:00:20.168131:  ✔︎ Formatted column names
2025-11-04 13:00:20.176378:  ✔︎ Formatted row values
2025-11-04 13:00:20.180004:  ✔︎ Handled missing values
2025-11-04 13:00:20.183626:  ✔︎ Removed outliers
2025-11-04 13:00:20.185994:  ✔︎ Data validation completed
2025-11-04 13:00:20.186102:  ✔︎ Data cleaning completed
2025-11-04 13:00:20.189686:  ✔︎ Cleaned data saved to data/cleaned/world_data_2023_cleaned.csv
2025-11-04 13:01:16.357172:  ✔︎ Data quality report generated
2025-11-04 13:01:16.357909:  ✔︎ Formatted column names
2025-11-04 13:01:16.368469:  ✔︎ Formatted row values
2025-11-04 13:01:16.373647:  ✔︎ Handled missing values
2025-11-04 13:01:16.378871:  ✔︎ Removed outliers
2025-11-04 13:01:16.380916:  ✔︎ Data validation completed
2025-11-04 13:01:16.380967:  ✔︎ Data cleaning completed
2025-11-04 13:01:16.384011:  ✔︎ Cleaned data saved to data/cleaned/world_data_2023_cleaned.csv
2025-11-04 13:02:10.855736:  ✔︎ Formatted column names
2025-11-04 13:02:10.856937:  ✔︎ Formatted row values
2025-11-04 13:02:10.857682:  ✔︎ Handled missing values
2025-11-04 13:02:10.858864:  ✔︎ Removed outliers
2025-11-04 13:02:10.860235:  ✔︎ Data validation completed
2025-11-04 13:12:32.944078:  ✔︎ Data quality report generated
2025-11-04 13:12:32.944855:  ✔︎ Formatted column names
2025-11-04 13:12:32.952443:  ✔︎ Formatted row values
2025-11-04 13:12:32.956263:  ✔︎ Handled missing values
2025-11-04 13:12:32.959769:  ✔︎ Removed outliers
2025-11-04 13:12:32.961898:  ✔︎ Data validation completed
2025-11-04 13:12:32.961950:  ✔︎ Data cleaning completed
2025-11-04 13:12:32.965629:  ✔︎ Cleaned data saved to data/cleaned/world_data_2023_cleaned.csv
2025-11-04 13:14:57.627488:  ✔︎ Data quality report generated
2025-11-04 13:14:57.627924:  ✔︎ Formatted column names
2025-11-04 13:14:57.636002:  ✔︎ Formatted row values
2025-11-04 13:14:57.639525:  ✔︎ Handled missing values
2025-11-04 13:14:57.639695:  ✔︎ Removed outliers
2025-11-04 13:14:57.639773:  ✔︎ Data validation completed
2025-11-04 13:14:57.639816:  ✔︎ Data cleaning completed
2025-11-04 13:14:57.643421:  ✔︎ Cleaned data saved to data/cleaned/world_data_2023_cleaned.csv
2025-11-04 13:17:08.292725:  ✔︎ Data quality report generated
2025-11-04 13:17:08.293111:  ✔︎ Formatted column names
2025-11-04 13:17:08.300666:  ✔︎ Formatted row values
2025-11-04 13:17:08.304692:  ✔︎ Handled missing values
2025-11-04 13:17:08.304919:  ✔︎ Removed outliers
2025-11-04 13:17:08.305016:  ✔︎ Data validation completed
2025-11-04 13:17:08.305101:  ✔︎ Data cleaning completed
2025-11-04 13:17:08.308560:  ✔︎ Cleaned data saved to data/cleaned/world_data_2023_cleaned.csv
2025-11-04 13:17:34.038590:  ✔︎ Data quality report generated
2025-11-04 13:17:34.039413:  ✔︎ Formatted column names
2025-11-04 13:17:34.046987:  ✔︎ Formatted row values
2025-11-04 13:17:34.049894:  ✔︎ Handled missing values
2025-11-04 13:17:34.051099:  ✔︎ Removed outliers
2025-11-04 13:17:34.051812:  ✔︎ Data validation completed
2025-11-04 13:17:34.051857:  ✔︎ Data cleaning completed
2025-11-04 13:17:34.055126:  ✔︎ Cleaned data saved to data/cleaned/world_data_2023_cleaned.csv
2025-11-04 13:19:50.713282:  ✔︎ Data quality report generated
2025-11-04 13:19:50.714158:  ✔︎ Formatted column names
2025-11-04 13:19:50.721687:  ✔︎ Formatted row values
2025-11-04 13:19:50.725074:  ✔︎ Handled missing values
2025-11-04 13:19:50.728523:  ✔︎ Removed outliers
2025-11-04 13:19:50.731621:  ✔︎ Data validation completed
2025-11-04 13:19:50.731730:  ✔︎ Data cleaning completed
2025-11-04 13:19:50.735301:  ✔︎ Cleaned data saved to data/cleaned/world_data_2023_cleaned.csv
2025-11-04 22:11:12.552158:  ✔︎ Data quality report generated
2025-11-04 22:11:12.553520:  ✔︎ Formatted column names
2025-11-04 22:11:12.563243:  ✔︎ Formatted row values
2025-11-04 22:11:12.567773:  ✔︎ Removed outliers
2025-11-04 22:11:12.570492:  ✔︎ Data validation completed
2025-11-04 22:11:12.570552:  ✔︎ Data cleaning completed
2025-11-04 22:11:12.574280:  ✔︎ Cleaned data saved to data/cleaned/world_data_2023_cleaned.csv
2025-11-04 22:14:03.722950:  ✔︎ Data quality report generated
2025-11-04 22:14:03.723864:  ✔︎ Formatted column names
2025-11-04 22:14:03.730957:  ✔︎ Formatted row values
2025-11-04 22:14:03.736852:  ✔︎ Removed outliers
2025-11-04 22:14:03.740925:  ✔︎ Data validation completed
2025-11-04 22:14:03.741054:  ✔︎ Data cleaning completed
2025-11-04 22:14:03.745239:  ✔︎ Cleaned data saved to data/cleaned/world_data_2023_cleaned.csv
2025-11-04 22:15:05.312354:  ✔︎ Data quality report generated
2025-11-04 22:15:05.313287:  ✔︎ Formatted column names
2025-11-04 22:15:05.321383:  ✔︎ Formatted row values
2025-11-04 22:15:05.325839:  ✔︎ Removed outliers
2025-11-04 22:15:05.328439:  ✔︎ Data validation completed
2025-11-04 22:15:05.328495:  ✔︎ Data cleaning completed
2025-11-04 22:15:05.332911:  ✔︎ Cleaned data saved to data/cleaned/world_data_2023_cleaned.csv
2025-11-04 22:42:05.091904:  ✔︎ Data quality report generated
2025-11-04 22:42:05.092782:  ✔︎ Formatted column names
2025-11-04 22:42:05.102047:  ✔︎ Formatted row values
2025-11-04 22:42:05.114180:  ✔︎ Removed outliers
2025-11-04 22:42:05.117407:  ✔︎ Data validation completed
2025-11-04 22:42:05.117525:  ✔︎ Data cleaning completed
2025-11-04 22:42:05.123652:  ✔︎ Cleaned data saved to data/cleaned/world_data_2023_cleaned.csv
2025-11-04 22:49:31.811347:  ✔︎ Formatted column names
2025-11-04 22:49:31.812694:  ✔︎ Formatted row values
2025-11-04 22:49:31.813749:  ✔︎ Handled missing values
2025-11-04 22:49:31.853472:  ✔︎ Removed outliers
2025-11-04 22:49:31.855930:  ✔︎ Data validation completed
2025-11-04 22:57:34.914154:  ✔︎ Formatted column names
2025-11-04 22:57:34.915533:  ✔︎ Formatted row values
2025-11-04 22:57:34.916270:  ✔︎ Handled missing values
2025-11-04 22:57:34.917676:  ✔︎ Removed outliers
2025-11-04 22:57:34.918386:  ✔︎ Data validation completed
2025-11-04 22:57:44.100506:  ✔︎ Data quality report generated
2025-11-04 22:57:44.101239:  ✔︎ Formatted column names
2025-11-04 22:57:44.109508:  ✔︎ Formatted row values
2025-11-04 22:57:44.117558:  ✔︎ Removed outliers
2025-11-04 22:57:44.119946:  ✔︎ Data validation completed
2025-11-04 22:57:44.120017:  ✔︎ Data cleaning completed
2025-11-04 22:57:44.123556:  ✔︎ Cleaned data saved to data/cleaned/world_data_2023_cleaned.csv
2025-11-04 22:59:02.017779:  ✔︎ Data quality report generated
2025-11-04 22:59:02.018662:  ✔︎ Formatted column names
2025-11-04 22:59:02.026734:  ✔︎ Formatted row values
2025-11-04 22:59:02.034440:  ✔︎ Removed outliers
2025-11-04 22:59:02.036606:  ✔︎ Data validation completed
2025-11-04 22:59:02.036666:  ✔︎ Data cleaning completed
2025-11-04 22:59:02.041500:  ✔︎ Cleaned data saved to data/cleaned/world_data_2023_cleaned.csv
2025-11-04 23:00:19.506302:  ✔︎ Data quality report generated
2025-11-04 23:00:19.507136:  ✔︎ Formatted column names
2025-11-04 23:00:19.515896:  ✔︎ Formatted row values
2025-11-04 23:00:19.523368:  ✔︎ Removed outliers
2025-11-04 23:00:19.525540:  ✔︎ Data validation completed
2025-11-04 23:00:19.525598:  ✔︎ Data cleaning completed
2025-11-04 23:00:19.529165:  ✔︎ Cleaned data saved to data/cleaned/world_data_2023_cleaned.csv
2025-11-04 23:00:57.174877:  ✔︎ Data quality report generated
2025-11-04 23:00:57.175899:  ✔︎ Formatted column names
2025-11-04 23:00:57.183322:  ✔︎ Formatted row values
2025-11-04 23:00:57.191426:  ✔︎ Removed outliers
2025-11-04 23:00:57.194168:  ✔︎ Data validation completed
2025-11-04 23:00:57.194435:  ✔︎ Data cleaning completed
2025-11-04 23:00:57.198983:  ✔︎ Cleaned data saved to data/cleaned/world_data_2023_cleaned.csv
2025-11-04 23:01:48.507235:  ✔︎ Data quality report generated
2025-11-04 23:01:48.508046:  ✔︎ Formatted column names
2025-11-04 23:01:48.516540:  ✔︎ Formatted row values
2025-11-04 23:01:48.524132:  ✔︎ Removed outliers
2025-11-04 23:01:48.526192:  ✔︎ Data validation completed
2025-11-04 23:01:48.526254:  ✔︎ Data cleaning completed
2025-11-04 23:01:48.530243:  ✔︎ Cleaned data saved to data/cleaned/world_data_2023_cleaned.csv
2025-11-04 23:04:21.805159:  ✔︎ Data quality report generated
2025-11-04 23:04:21.806194:  ✔︎ Formatted column names
2025-11-04 23:04:21.818018:  ✔︎ Formatted row values
2025-11-04 23:04:21.827805:  ✔︎ Removed outliers
2025-11-04 23:04:21.830994:  ✔︎ Data validation completed
2025-11-04 23:04:21.831234:  ✔︎ Data cleaning completed
2025-11-04 23:04:21.838591:  ✔︎ Cleaned data saved to data/cleaned/world_data_2023_cleaned.csv
2025-11-04 23:04:56.015639:  ✔︎ Data quality report generated
2025-11-04 23:04:56.016580:  ✔︎ Formatted column names
2025-11-04 23:04:56.024154:  ✔︎ Formatted row values
2025-11-04 23:04:56.031615:  ✔︎ Removed outliers
2025-11-04 23:04:56.033666:  ✔︎ Data validation completed
2025-11-04 23:04:56.033725:  ✔︎ Data cleaning completed
2025-11-04 23:04:56.037337:  ✔︎ Cleaned data saved to data/cleaned/world_data_2023_cleaned.csv
2025-11-04 23:05:41.759500:  ✔︎ Data quality report generated
2025-11-04 23:05:41.760478:  ✔︎ Formatted column names
2025-11-04 23:05:41.768040:  ✔︎ Formatted row values
2025-11-04 23:05:41.776657:  ✔︎ Removed outliers
2025-11-04 23:05:41.779008:  ✔︎ Data validation completed
2025-11-04 23:05:41.779241:  ✔︎ Data cleaning completed
2025-11-04 23:05:41.782904:  ✔︎ Cleaned data saved to data/cleaned/world_data_2023_cleaned.csv
2025-11-06 11:24:49.652078:  ✔︎ Data quality report generated
2025-11-06 11:24:49.653365:  ✔︎ Formatted column names
2025-11-06 11:24:49.660843:  ✔︎ Formatted row values
2025-11-06 11:24:49.668810:  ✔︎ Removed outliers
2025-11-06 11:24:49.671298:  ✔︎ Data validation completed
2025-11-06 11:24:49.671382:  ✔︎ Data cleaning completed
2025-11-06 11:24:49.674896:  ✔︎ Cleaned data saved to data/cleaned/world_data_2023_cleaned.csv
